Build started 6/23/2023 10:04:08 PM.
     1>Project "D:\OS-lab-4-5\Eco.Lab4\MySimpleEcoOS\AssemblyFiles\BCM283x\gcc_7_5_0\MySimpleEcoOS.vcxproj" on node 2 (build target(s)).
     1>Build:
         make
         D:\lab4_materials\toolchain\gcc-linaro-7.5.0\\bin\\aarch64-elf-gcc -Wall -std=gnu89 -Wno-missing-braces -march=armv8-a+simd -mtune=cortex-a53 -mstrict-align -fno-tree-loop-vectorize -fno-tree-slp-vectorize -DECO_LIB -DECO_BCM283X -DUGUID_UTILITY -I ..\\..\\..\\HeaderFiles -I ..\\..\\..\\SharedFiles -I \\004.EcoOS\\Lessons\\Lesson08\\Eco.TaskScheduler1Lab\\SharedFiles -I \\004.EcoOS\\Lessons\\Lesson09\\Eco.MemoryManager1Lab\\SharedFiles -I D:\lab4_materials\Eco.Framework_20230409\Eco.Framework\\Eco.IPCC.Mailbox1\\SharedFiles -I D:\lab4_materials\Eco.Framework_20230409\Eco.Framework\\Eco.CGI1\\SharedFiles -I D:\lab4_materials\Eco.Framework_20230409\Eco.Framework\\Eco.VFB1\\SharedFiles -I D:\lab4_materials\Eco.Framework_20230409\Eco.Framework\\Eco.Core1\\SharedFiles -I D:\lab4_materials\Eco.Framework_20230409\Eco.Framework\\Eco.InterfaceBus1\\SharedFiles -I D:\lab4_materials\Eco.Framework_20230409\Eco.Framework\\Eco.Timer1\\SharedFiles -I D:\lab4_materials\Eco.Framework_20230409\Eco.Framework\\Eco.InterruptController1\\SharedFiles -I D:\lab4_materials\Eco.Framework_20230409\Eco.Framework\\Eco.TaskScheduler1\\SharedFiles -I D:\lab4_materials\Eco.Framework_20230409\Eco.Framework\\Eco.MemoryManager1\\SharedFiles -I D:\lab4_materials\Eco.Framework_20230409\Eco.Framework\\Eco.FileSystemManagement1\\SharedFiles -I D:\lab4_materials\Eco.Framework_20230409\Eco.Framework\\Eco.String1\\SharedFiles -I D:\OS-lab-4-5\Eco.Lab4\Eco.MemoryManager1Lab\SharedFiles -I D:\OS-lab-4-5\Eco.Lab4\Eco.TaskScheduler1Lab\SharedFiles -I D:\OS-lab-4-5\Eco.Lab4\BubleSort\SharedFiles -nostartfiles -ffreestanding -fno-asynchronous-unwind-tables -fomit-frame-pointer  -Wl,-Map,kernel.map -Wl,-T,startup.ld   -o kernel.elf ..\\..\\..\\SourceFiles\\MySimpleEcoOS.c ..\\..\\..\\SourceFiles\\entry.S -static -L ..\\..\\..\\BuildFiles\\BCM283x\\arm64-v8a\\StaticRelease -L \\004.EcoOS\\Lessons\\Lesson08\\Eco.TaskScheduler1Lab\\BuildFiles\\BCM283x\\arm64-v8a\\StaticRelease -L \\004.EcoOS\\Lessons\\Lesson09\\Eco.MemoryManager1Lab\\BuildFiles\\BCM283x\\arm64-v8a\\StaticRelease -L D:\lab4_materials\Eco.Framework_20230409\Eco.Framework\\Eco.IPCC.Mailbox1\\BuildFiles\\BCM283x\\arm64-v8a\\StaticRelease -L D:\lab4_materials\Eco.Framework_20230409\Eco.Framework\\Eco.VFB1\\BuildFiles\\BCM283x\\arm64-v8a\\StaticRelease -L D:\lab4_materials\Eco.Framework_20230409\Eco.Framework\\Eco.Timer1\\BuildFiles\\BCM283x\\arm64-v8a\\StaticRelease -L D:\lab4_materials\Eco.Framework_20230409\Eco.Framework\\Eco.InterruptController1\\BuildFiles\\BCM283x\\arm64-v8a\\StaticRelease -L D:\lab4_materials\Eco.Framework_20230409\Eco.Framework\\Eco.InterfaceBus1\\BuildFiles\\BCM283x\\arm64-v8a\\StaticRelease -L D:\lab4_materials\Eco.Framework_20230409\Eco.Framework\\Eco.TaskScheduler1\\BuildFiles\\BCM283x\\arm64-v8a\\StaticRelease -L D:\lab4_materials\Eco.Framework_20230409\Eco.Framework\\Eco.FileSystemManagement1\\BuildFiles\\BCM283x\\arm64-v8a\\StaticRelease -L D:\lab4_materials\Eco.Framework_20230409\Eco.Framework\\Eco.MemoryManager1\\BuildFiles\\BCM283x\\arm64-v8a\\StaticRelease -L D:\lab4_materials\Eco.Framework_20230409\Eco.Framework\\Eco.String1\\BuildFiles\\BCM283x\\arm64-v8a\\StaticRelease -L D:\OS-lab-4-5\Eco.Lab4\Eco.MemoryManager1Lab\BuildFiles\\BCM283x\\arm64-v8a\\StaticRelease -L D:\OS-lab-4-5\Eco.Lab4\Eco.TaskScheduler1Lab\BuildFiles\\BCM283x\\arm64-v8a\\StaticRelease -L D:\OS-lab-4-5\Eco.Lab4\BubleSort\BuildFiles\\BCM283x\\arm64-v8a\\StaticRelease  -l0000000000000000000000004D656D31 -lF10BC39A4F2143CF8A1E104650A2C302 -l84CC0A7DBABD44EEBE749C9A8312D37E -l902ABA722D34417BB714322CC761620F -l8DB93F3DF5B947D4A67F7C100B569723 -l939B1DCDB6404F7D9C072291AF252188 -l00000000000000000000000042757331 -l81589BFED0B84B1194524BEE623E1838 -l680786EC2FB742F2A3C6C9D4B4ED74BE -lc -lm -lgcc  
         In file included from D:\OS-lab-4-5\Eco.Lab4\BubleSort\SharedFiles/IdBubleSort.h:28:0,
                          from ..\..\..\SourceFiles\MySimpleEcoOS.c:36:
         D:\OS-lab-4-5\Eco.Lab4\BubleSort\SharedFiles/IBubleSort.h:37:61: warning: 'struct IBubleSort' declared inside parameter list will not be visible outside of this definition or declaration
              int16_t (ECOCALLMETHOD *QueryInterface)(/* in */ struct IBubleSort* me, /* in */ const UGUID* riid, /* out */ void **ppv);
                                                                      ^~~~~~~~~~
         D:\OS-lab-4-5\Eco.Lab4\BubleSort\SharedFiles/IBubleSort.h:38:54: warning: 'struct IBubleSort' declared inside parameter list will not be visible outside of this definition or declaration
              uint32_t (ECOCALLMETHOD *AddRef)(/* in */ struct IBubleSort* me);
                                                               ^~~~~~~~~~
         D:\OS-lab-4-5\Eco.Lab4\BubleSort\SharedFiles/IBubleSort.h:39:55: warning: 'struct IBubleSort' declared inside parameter list will not be visible outside of this definition or declaration
              uint32_t (ECOCALLMETHOD *Release)(/* in */ struct IBubleSort* me);
                                                                ^~~~~~~~~~
         D:\OS-lab-4-5\Eco.Lab4\BubleSort\SharedFiles/IBubleSort.h:42:54: warning: 'struct IBubleSort' declared inside parameter list will not be visible outside of this definition or declaration
              void (ECOCALLMETHOD *MyFunction)(/* in */ struct IBubleSort* me, void * first, size_t size, size_t sizeType, int (ECOCDECLMETHOD * comparator ) (const void * , const void * ));
                                                               ^~~~~~~~~~
         D:\OS-lab-4-5\Eco.Lab4\BubleSort\SharedFiles/IBubleSort.h:47:40: warning: 'struct IEcoLab1' declared inside parameter list will not be visible outside of this definition or declaration
              void (ECOCALLMETHOD *qsort)(struct IEcoLab1 *me, void *base, size_t num, size_t size, int (ECOCDECLMETHOD *compare)(const void *, const void *));
                                                 ^~~~~~~~
         ..\..\..\SourceFiles\MySimpleEcoOS.c: In function 'Task1':
         ..\..\..\SourceFiles\MySimpleEcoOS.c:122:33: warning: passing argument 1 of 'pIBubleSort->pVTbl->MyFunction' from incompatible pointer type [-Wincompatible-pointer-types]
           pIBubleSort->pVTbl->MyFunction(pIBubleSort, arr_int, size, sizeof(int32_t), comparatori);
                                          ^~~~~~~~~~~
         ..\..\..\SourceFiles\MySimpleEcoOS.c:122:33: note: expected 'struct IBubleSort *' but argument is of type 'IBubleSort * {aka struct IBubleSort *}'
         ..\..\..\SourceFiles\MySimpleEcoOS.c: In function 'Task2':
         ..\..\..\SourceFiles\MySimpleEcoOS.c:145:33: warning: passing argument 1 of 'pIBubleSort->pVTbl->MyFunction' from incompatible pointer type [-Wincompatible-pointer-types]
           pIBubleSort->pVTbl->MyFunction(pIBubleSort, arr_double, size, sizeof(double_t), comparatord);
                                          ^~~~~~~~~~~
         ..\..\..\SourceFiles\MySimpleEcoOS.c:145:33: note: expected 'struct IBubleSort *' but argument is of type 'IBubleSort * {aka struct IBubleSort *}'
         ..\..\..\SourceFiles\MySimpleEcoOS.c: In function 'Task3':
         ..\..\..\SourceFiles\MySimpleEcoOS.c:166:33: warning: passing argument 1 of 'pIBubleSort->pVTbl->MyFunction' from incompatible pointer type [-Wincompatible-pointer-types]
           pIBubleSort->pVTbl->MyFunction(pIBubleSort, arr_char, size, sizeof(char_t), comparatorc);
                                          ^~~~~~~~~~~
         ..\..\..\SourceFiles\MySimpleEcoOS.c:166:33: note: expected 'struct IBubleSort *' but argument is of type 'IBubleSort * {aka struct IBubleSort *}'
         ..\..\..\SourceFiles\MySimpleEcoOS.c: In function 'EcoMain':
         ..\..\..\SourceFiles\MySimpleEcoOS.c:365:45: warning: passing argument 2 of 'pITimer->pVTbl->set_IrqHandler' from incompatible pointer type [-Wincompatible-pointer-types]
              pITimer->pVTbl->set_IrqHandler(pITimer, TimerHandler);
                                                      ^~~~~~~~~~~~
         ..\..\..\SourceFiles\MySimpleEcoOS.c:365:45: note: expected 'void **' but argument is of type 'void (*)(void)'
         ..\..\..\SourceFiles\MySimpleEcoOS.c:218:13: warning: unused variable 'strHello' [-Wunused-variable]
              char_t* strHello = "Hello, World!";
                      ^~~~~~~~
         ..\..\..\SourceFiles\MySimpleEcoOS.c:206:21: warning: unused variable 'pIPriority' [-Wunused-variable]
           IEcoTaskPriority1* pIPriority = 0;
                              ^~~~~~~~~~
         ..\..\..\SourceFiles\MySimpleEcoOS.c:203:25: warning: unused variable 'pIVrtMem' [-Wunused-variable]
              IEcoVirtualMemory1* pIVrtMem = 0;
                                  ^~~~~~~~
     1>d:/lab4_materials/toolchain/gcc-linaro-7.5.0/bin/../lib/gcc/aarch64-elf/7.5.0/../../../../aarch64-elf/bin/ld.exe : warning : .note.gnu.build-id section discarded, --build-id ignored.
         D:\lab4_materials\toolchain\gcc-linaro-7.5.0\\bin\\aarch64-elf-objdump -d kernel.elf > kernel.list
         D:\lab4_materials\toolchain\gcc-linaro-7.5.0\\bin\\aarch64-elf-objcopy kernel.elf -O binary kernel8.img
         D:\lab4_materials\toolchain\gcc-linaro-7.5.0\\bin\\aarch64-elf-nm -n kernel.elf > kernel.map
     1>Done Building Project "D:\OS-lab-4-5\Eco.Lab4\MySimpleEcoOS\AssemblyFiles\BCM283x\gcc_7_5_0\MySimpleEcoOS.vcxproj" (build target(s)).

Build succeeded.

Time Elapsed 00:00:00.93
